Build started 16.10.2014 13:25:32.
     1>Project "C:\eclipse lunar\workspace\accountReplica\spread-src-4.4.0\win32\sptmonitor.vcxproj" on node 2 (Build target(s)).
       Project file contains ToolsVersion="12.0". This toolset is unknown or missing. You may be able to resolve this by installing the appropriate .NET Framework for this toolset. Treating the project as if it had ToolsVersion="4.0".
     1>Project "C:\eclipse lunar\workspace\accountReplica\spread-src-4.4.0\win32\sptmonitor.vcxproj" (1) is building "C:\eclipse lunar\workspace\accountReplica\spread-src-4.4.0\libspread-util\win32\libspread-util.vcxproj" (2) on node 2 (GetTargetPath target(s)).
       Project file contains ToolsVersion="12.0". This toolset is unknown or missing. You may be able to resolve this by installing the appropriate .NET Framework for this toolset. Treating the project as if it had ToolsVersion="4.0".
     2>Done Building Project "C:\eclipse lunar\workspace\accountReplica\spread-src-4.4.0\libspread-util\win32\libspread-util.vcxproj" (GetTargetPath target(s)).
     1>Project "C:\eclipse lunar\workspace\accountReplica\spread-src-4.4.0\win32\sptmonitor.vcxproj" (1) is building "C:\eclipse lunar\workspace\accountReplica\spread-src-4.4.0\libspread-util\win32\libspread-util.vcxproj" (2:2) on node 2 (GetNativeManifest target(s)).
       Project file contains ToolsVersion="12.0". This toolset is unknown or missing. You may be able to resolve this by installing the appropriate .NET Framework for this toolset. Treating the project as if it had ToolsVersion="4.0".
     2>Done Building Project "C:\eclipse lunar\workspace\accountReplica\spread-src-4.4.0\libspread-util\win32\libspread-util.vcxproj" (GetNativeManifest target(s)).
     1>ClCompile:
         C:\Program Files (x86)\Microsoft Visual Studio 11.0\VC\bin\CL.exe /c /I..\daemon /I..\include /I"..\libspread-util\include" /ZI /nologo /W3 /WX- /Od /Oy- /D WIN32 /D _DEBUG /D _CONSOLE /D ARCH_PC_WIN95 /D _REENTRANT /D _CRT_SECURE_NO_WARNINGS /Gm /RTC1 /MTd /GS /fp:precise /Zc:wchar_t /Zc:forScope /Fo"Intermediate\Debug\sptmonitor\\" /Fd"Intermediate\Debug\sptmonitor\vc110.pdb" /Gd /TC /analyze- /errorReport:prompt ..\daemon\acm.c ..\daemon\configuration.c ..\daemon\ip_enum.c ..\daemon\lex.yy.c ..\daemon\monitor.c ..\daemon\y.tab.c
         y.tab.c
         monitor.c
         lex.yy.c
     1>lex.yy.c(1704): warning C4003: not enough actual parameters for macro 'yywrap'
     1>lex.yy.c(2039): warning C4003: not enough actual parameters for macro 'yywrap'
         ip_enum.c
         configuration.c
         acm.c
         Generating Code...
     1>Project "C:\eclipse lunar\workspace\accountReplica\spread-src-4.4.0\win32\sptmonitor.vcxproj" (1) is building "C:\eclipse lunar\workspace\accountReplica\spread-src-4.4.0\libspread-util\win32\libspread-util.vcxproj" (2:3) on node 2 (GetResolvedLinkLibs target(s)).
       Project file contains ToolsVersion="12.0". This toolset is unknown or missing. You may be able to resolve this by installing the appropriate .NET Framework for this toolset. Treating the project as if it had ToolsVersion="4.0".
     2>Done Building Project "C:\eclipse lunar\workspace\accountReplica\spread-src-4.4.0\libspread-util\win32\libspread-util.vcxproj" (GetResolvedLinkLibs target(s)).
     1>Link:
         C:\Program Files (x86)\Microsoft Visual Studio 11.0\VC\bin\link.exe /ERRORREPORT:PROMPT /OUT:"..\bin\win32\Debug\sptmonitor.exe" /INCREMENTAL /NOLOGO /LIBPATH:..\lib\win32\Debug /LIBPATH:"..\libspread-util\lib\win32\Debug" Ws2_32.lib "libspread-util.lib" kernel32.lib user32.lib gdi32.lib winspool.lib comdlg32.lib advapi32.lib shell32.lib ole32.lib oleaut32.lib uuid.lib odbc32.lib odbccp32.lib /NODEFAULTLIB:LIBCMTD.lib /MANIFEST /MANIFESTUAC:"level='asInvoker' uiAccess='false'" /manifest:embed /DEBUG /PDB:"..\bin\win32\Debug\sptmonitor.pdb" /SUBSYSTEM:CONSOLE /TLBID:1 /DYNAMICBASE /NXCOMPAT /IMPLIB:"..\bin\win32\Debug\sptmonitor.lib" /MACHINE:X86 /SAFESEH Intermediate\Debug\sptmonitor\acm.obj
         Intermediate\Debug\sptmonitor\configuration.obj
         Intermediate\Debug\sptmonitor\ip_enum.obj
         Intermediate\Debug\sptmonitor\lex.yy.obj
         Intermediate\Debug\sptmonitor\monitor.obj
         Intermediate\Debug\sptmonitor\y.tab.obj
         "C:\eclipse lunar\workspace\accountReplica\spread-src-4.4.0\libspread-util\lib\win32\Debug\libspread-util.lib"
     1>acm.obj : warning LNK4075: ignoring '/EDITANDCONTINUE' due to '/SAFESEH' specification
         sptmonitor.vcxproj -> C:\eclipse lunar\workspace\accountReplica\spread-src-4.4.0\win32\..\bin\win32\Debug\sptmonitor.exe
     1>Project "C:\eclipse lunar\workspace\accountReplica\spread-src-4.4.0\win32\sptmonitor.vcxproj" (1) is building "C:\eclipse lunar\workspace\accountReplica\spread-src-4.4.0\libspread-util\win32\libspread-util.vcxproj" (2:4) on node 2 (GetCopyToOutputDirectoryItems target(s)).
       Project file contains ToolsVersion="12.0". This toolset is unknown or missing. You may be able to resolve this by installing the appropriate .NET Framework for this toolset. Treating the project as if it had ToolsVersion="4.0".
     2>Done Building Project "C:\eclipse lunar\workspace\accountReplica\spread-src-4.4.0\libspread-util\win32\libspread-util.vcxproj" (GetCopyToOutputDirectoryItems target(s)).
     1>Done Building Project "C:\eclipse lunar\workspace\accountReplica\spread-src-4.4.0\win32\sptmonitor.vcxproj" (Build target(s)).

Build succeeded.

Time Elapsed 00:00:07.97
